C:\USERS\GCQ\DESKTOP\复习资料\剑指OFFER\INTERVIEWQUESTIONS\UTILITIES\DEBUG\UTILITIES.PCH
C:\USERS\GCQ\DESKTOP\复习资料\剑指OFFER\INTERVIEWQUESTIONS\UTILITIES\DEBUG\STDAFX.OBJ
C:\USERS\GCQ\DESKTOP\复习资料\剑指OFFER\INTERVIEWQUESTIONS\UTILITIES\DEBUG\VC110.PDB
C:\USERS\GCQ\DESKTOP\复习资料\剑指OFFER\INTERVIEWQUESTIONS\UTILITIES\DEBUG\ARRAY.OBJ
C:\USERS\GCQ\DESKTOP\复习资料\剑指OFFER\INTERVIEWQUESTIONS\UTILITIES\DEBUG\BINARYTREE.OBJ
C:\USERS\GCQ\DESKTOP\复习资料\剑指OFFER\INTERVIEWQUESTIONS\UTILITIES\DEBUG\LIST.OBJ
C:\USERS\GCQ\DESKTOP\复习资料\剑指OFFER\INTERVIEWQUESTIONS\UTILITIES\DEBUG\STRINGUTIL.OBJ
C:\USERS\GCQ\DESKTOP\复习资料\剑指OFFER\INTERVIEWQUESTIONS\UTILITIES\DEBUG\TREE.OBJ
C:\USERS\GCQ\DESKTOP\复习资料\剑指OFFER\INTERVIEWQUESTIONS\UTILITIES\DEBUG\DLLMAIN.OBJ
C:\USERS\GCQ\DESKTOP\复习资料\剑指OFFER\INTERVIEWQUESTIONS\DEBUG\UTILITIES.ILK
C:\USERS\GCQ\DESKTOP\复习资料\剑指OFFER\INTERVIEWQUESTIONS\DEBUG\UTILITIES.DLL
C:\USERS\GCQ\DESKTOP\复习资料\剑指OFFER\INTERVIEWQUESTIONS\DEBUG\UTILITIES.PDB
C:\Users\GCQ\Desktop\复习资料\剑指offer\InterviewQuestions\Debug\Utilities.lib
C:\Users\GCQ\Desktop\复习资料\剑指offer\InterviewQuestions\Debug\Utilities.exp
C:\Users\GCQ\Desktop\复习资料\剑指offer\InterviewQuestions\Utilities\Debug\Array.obj
C:\Users\GCQ\Desktop\复习资料\剑指offer\InterviewQuestions\Utilities\Debug\BinaryTree.obj
C:\Users\GCQ\Desktop\复习资料\剑指offer\InterviewQuestions\Utilities\Debug\dllmain.obj
C:\Users\GCQ\Desktop\复习资料\剑指offer\InterviewQuestions\Utilities\Debug\List.obj
C:\Users\GCQ\Desktop\复习资料\剑指offer\InterviewQuestions\Utilities\Debug\stdafx.obj
C:\Users\GCQ\Desktop\复习资料\剑指offer\InterviewQuestions\Utilities\Debug\StringUtil.obj
C:\Users\GCQ\Desktop\复习资料\剑指offer\InterviewQuestions\Utilities\Debug\Tree.obj
C:\Users\GCQ\Desktop\复习资料\剑指offer\InterviewQuestions\Utilities\Debug\cl.command.1.tlog
C:\Users\GCQ\Desktop\复习资料\剑指offer\InterviewQuestions\Utilities\Debug\CL.read.1.tlog
C:\Users\GCQ\Desktop\复习资料\剑指offer\InterviewQuestions\Utilities\Debug\CL.write.1.tlog
C:\Users\GCQ\Desktop\复习资料\剑指offer\InterviewQuestions\Utilities\Debug\link-cvtres.read.1.tlog
C:\Users\GCQ\Desktop\复习资料\剑指offer\InterviewQuestions\Utilities\Debug\link-cvtres.write.1.tlog
C:\Users\GCQ\Desktop\复习资料\剑指offer\InterviewQuestions\Utilities\Debug\link-rc.read.1.tlog
C:\Users\GCQ\Desktop\复习资料\剑指offer\InterviewQuestions\Utilities\Debug\link-rc.write.1.tlog
C:\Users\GCQ\Desktop\复习资料\剑指offer\InterviewQuestions\Utilities\Debug\link.command.1.tlog
C:\Users\GCQ\Desktop\复习资料\剑指offer\InterviewQuestions\Utilities\Debug\link.read.1.tlog
C:\Users\GCQ\Desktop\复习资料\剑指offer\InterviewQuestions\Utilities\Debug\link.write.1.tlog
C:\Users\GCQ\Desktop\复习资料\剑指offer\InterviewQuestions\Utilities\Debug\Utilities.write.1.tlog
C:\Users\GCQ\Desktop\复习资料\剑指offer\InterviewQuestions\Utilities\Debug\Utilities.pch
C:\Users\GCQ\Desktop\复习资料\剑指offer\InterviewQuestions\Utilities\Debug\vc110.idb
C:\Users\GCQ\Desktop\复习资料\剑指offer\InterviewQuestions\Utilities\Debug\vc110.pdb
C:\Users\GCQ\Desktop\复习资料\剑指offer\InterviewQuestions\Debug\Utilities.pdb
C:\Users\GCQ\Desktop\复习资料\剑指offer\InterviewQuestions\Debug\Utilities.dll
C:\Users\GCQ\Desktop\复习资料\剑指offer\InterviewQuestions\Debug\Utilities.ilk
