E:\PROGRAM FILES\C++\CODE\笔试练习\PRACTICE\UTILITY\DEBUG\UTILITY.PCH
E:\PROGRAM FILES\C++\CODE\笔试练习\PRACTICE\UTILITY\DEBUG\STDAFX.OBJ
E:\PROGRAM FILES\C++\CODE\笔试练习\PRACTICE\UTILITY\DEBUG\VC110.PDB
E:\PROGRAM FILES\C++\CODE\笔试练习\PRACTICE\UTILITY\DEBUG\BINARYTREE.OBJ
E:\PROGRAM FILES\C++\CODE\笔试练习\PRACTICE\UTILITY\DEBUG\UNITTEST1.OBJ
C:\USERS\GCQ\DESKTOP\复习资料\剑指OFFER\INTERVIEWQUESTIONS\UTILITY\DEBUG\UTILITY.PCH
C:\USERS\GCQ\DESKTOP\复习资料\剑指OFFER\INTERVIEWQUESTIONS\UTILITY\DEBUG\STDAFX.OBJ
C:\USERS\GCQ\DESKTOP\复习资料\剑指OFFER\INTERVIEWQUESTIONS\UTILITY\DEBUG\VC110.PDB
C:\USERS\GCQ\DESKTOP\复习资料\剑指OFFER\INTERVIEWQUESTIONS\UTILITY\DEBUG\BINARYTREE.OBJ
C:\USERS\GCQ\DESKTOP\复习资料\剑指OFFER\INTERVIEWQUESTIONS\UTILITY\DEBUG\UNITTEST1.OBJ
E:\PROGRAM FILES\C++\CODE\笔试练习\PRACTICE\DEBUG\UTILITY.ILK
E:\PROGRAM FILES\C++\CODE\笔试练习\PRACTICE\DEBUG\UTILITY.DLL
E:\PROGRAM FILES\C++\CODE\笔试练习\PRACTICE\DEBUG\UTILITY.PDB
C:\USERS\GCQ\DESKTOP\复习资料\剑指OFFER\INTERVIEWQUESTIONS\DEBUG\UTILITY.ILK
C:\USERS\GCQ\DESKTOP\复习资料\剑指OFFER\INTERVIEWQUESTIONS\DEBUG\UTILITY.DLL
C:\USERS\GCQ\DESKTOP\复习资料\剑指OFFER\INTERVIEWQUESTIONS\DEBUG\UTILITY.PDB
E:\Program Files\C++\Code\笔试练习\Practice\Debug\Utility.lib
E:\Program Files\C++\Code\笔试练习\Practice\Debug\Utility.exp
C:\Users\GCQ\Desktop\复习资料\剑指offer\InterviewQuestions\Debug\Utility.lib
C:\Users\GCQ\Desktop\复习资料\剑指offer\InterviewQuestions\Debug\Utility.exp
C:\Users\GCQ\Desktop\复习资料\剑指offer\InterviewQuestions\Utility\Debug\BinaryTree.obj
C:\Users\GCQ\Desktop\复习资料\剑指offer\InterviewQuestions\Utility\Debug\stdafx.obj
C:\Users\GCQ\Desktop\复习资料\剑指offer\InterviewQuestions\Utility\Debug\unittest1.obj
C:\Users\GCQ\Desktop\复习资料\剑指offer\InterviewQuestions\Utility\Debug\cl.command.1.tlog
C:\Users\GCQ\Desktop\复习资料\剑指offer\InterviewQuestions\Utility\Debug\CL.read.1.tlog
C:\Users\GCQ\Desktop\复习资料\剑指offer\InterviewQuestions\Utility\Debug\CL.write.1.tlog
C:\Users\GCQ\Desktop\复习资料\剑指offer\InterviewQuestions\Utility\Debug\link-cvtres.read.1.tlog
C:\Users\GCQ\Desktop\复习资料\剑指offer\InterviewQuestions\Utility\Debug\link-cvtres.write.1.tlog
C:\Users\GCQ\Desktop\复习资料\剑指offer\InterviewQuestions\Utility\Debug\link-rc.read.1.tlog
C:\Users\GCQ\Desktop\复习资料\剑指offer\InterviewQuestions\Utility\Debug\link-rc.write.1.tlog
C:\Users\GCQ\Desktop\复习资料\剑指offer\InterviewQuestions\Utility\Debug\link.2036-cvtres.read.1.tlog
C:\Users\GCQ\Desktop\复习资料\剑指offer\InterviewQuestions\Utility\Debug\link.2036-cvtres.write.1.tlog
C:\Users\GCQ\Desktop\复习资料\剑指offer\InterviewQuestions\Utility\Debug\link.2036-rc.read.1.tlog
C:\Users\GCQ\Desktop\复习资料\剑指offer\InterviewQuestions\Utility\Debug\link.2036-rc.write.1.tlog
C:\Users\GCQ\Desktop\复习资料\剑指offer\InterviewQuestions\Utility\Debug\link.2036.read.1.tlog
C:\Users\GCQ\Desktop\复习资料\剑指offer\InterviewQuestions\Utility\Debug\link.2036.write.1.tlog
C:\Users\GCQ\Desktop\复习资料\剑指offer\InterviewQuestions\Utility\Debug\link.command.1.tlog
C:\Users\GCQ\Desktop\复习资料\剑指offer\InterviewQuestions\Utility\Debug\link.read.1.tlog
C:\Users\GCQ\Desktop\复习资料\剑指offer\InterviewQuestions\Utility\Debug\link.write.1.tlog
C:\Users\GCQ\Desktop\复习资料\剑指offer\InterviewQuestions\Utility\Debug\Utility.write.1.tlog
C:\Users\GCQ\Desktop\复习资料\剑指offer\InterviewQuestions\Utility\Debug\Utility.pch
C:\Users\GCQ\Desktop\复习资料\剑指offer\InterviewQuestions\Utility\Debug\vc110.idb
C:\Users\GCQ\Desktop\复习资料\剑指offer\InterviewQuestions\Utility\Debug\vc110.pdb
C:\Users\GCQ\Desktop\复习资料\剑指offer\InterviewQuestions\Debug\Utility.pdb
C:\Users\GCQ\Desktop\复习资料\剑指offer\InterviewQuestions\Debug\Utility.dll
C:\Users\GCQ\Desktop\复习资料\剑指offer\InterviewQuestions\Debug\Utility.ilk
